#
# A fatal error has been detected by the Java Runtime Environment:
#
#  EXCEPTION_ACCESS_VIOLATION (0xc0000005) at pc=0x00000000057c4d32, pid=8284, tid=0x0000000000002044
#
# JRE version: OpenJDK Runtime Environment (8.0_112-b06) (build 1.8.0_112-release-b06)
# Java VM: OpenJDK 64-Bit Server VM (25.112-b06 mixed mode windows-amd64 compressed oops)
# Problematic frame:
# J 20187 C2 com.sun.tools.javac.processing.JavacProcessingEnvironment$1.visitClassDef(Lcom/sun/tools/javac/tree/JCTree$JCClassDecl;)V (11 bytes) @ 0x00000000057c4d32 [0x00000000057c4a80+0x2b2]
#
# Failed to write core dump. Minidumps are not enabled by default on client versions of Windows
#
# If you would like to submit a bug report, please visit:
#   http://bugreport.java.com/bugreport/crash.jsp
#

---------------  T H R E A D  ---------------

Current thread (0x000000001947d000):  JavaThread "Task worker for ':'" [_thread_in_Java, id=8260, stack(0x0000000027e90000,0x0000000027f90000)]

siginfo: ExceptionCode=0xc0000005, reading address 0x00000000da799f78

Registers:
RAX=0x000000013ffe8f98, RBX=0x0000000022d3e030, RCX=0x00000000a2af9638, RDX=0x00000000a2af9638
RSP=0x0000000027f8cc00, RBP=0x00000000fa799f50, RSI=0x00000000007d21d5, RDI=0x00000000111a0000
R8 =0x00000000fa776f60, R9 =0x00000000fa78cec8, R10=0x00000000fa776ef8, R11=0x00000000da799f68
R12=0x0000000000000000, R13=0x0000000027f8cd68, R14=0x0000000000000000, R15=0x000000001947d000
RIP=0x00000000057c4d32, EFLAGS=0x0000000000010282

Top of Stack: (sp=0x0000000027f8cc00)
0x0000000027f8cc00:   00000000a2af9638 00000000fa776ef8
0x0000000027f8cc10:   00000000fa656b10 0000000004965c70
0x0000000027f8cc20:   00000000fa3df958 0000000003ef87c4
0x0000000027f8cc30:   00000000fa6569c8 0000000003e86404
0x0000000027f8cc40:   00000000fa74ea40 0000000003e78084
0x0000000027f8cc50:   00000000fa6569c8 0000000004965c70
0x0000000027f8cc60:   00000000fa74ea40 00000000057c4d20
0x0000000027f8cc70:   00000000a2af9638 00000000fa74ea58
0x0000000027f8cc80:   00000000fa3df938 0000000004463138
0x0000000027f8cc90:   00000000fa6569a8 0000000004965c70
0x0000000027f8cca0:   0000000000000000 0000000022aa89d0
0x0000000027f8ccb0:   00000000fa656a00 0000000003e78084
0x0000000027f8ccc0:   00000000fac7ae78 00000000a025cfb0
0x0000000027f8ccd0:   00000000fa656a00 00000000069c57b0
0x0000000027f8cce0:   00000000a2af9638 00000000fa6569e8
0x0000000027f8ccf0:   00000000e007777c 0000000003126bd0 

Instructions: (pc=0x00000000057c4d32)
0x00000000057c4d12:   b8 ff ff ff ff ff ff ff ff e8 f8 00 c3 fc 4c 8b
0x00000000057c4d22:   54 24 08 45 89 62 10 44 8b 5d 10 45 85 db 74 2f
0x00000000057c4d32:   45 3b 63 10 0f 85 a4 fd ff ff 48 83 c4 40 5d 85
0x00000000057c4d42:   05 b9 b2 c4 fa c3 ba f6 ff ff ff 66 90 e8 8c 07 


Register to memory mapping:

RAX=0x000000013ffe8f98 is pointing into metadata
RBX={method} {0x0000000022d3e038} 'visitLiteral' '(Lcom/sun/tools/javac/tree/JCTree$JCLiteral;)V' in 'com/sun/tools/javac/tree/TreeScanner'
RCX=0x00000000a2af9638 is an oop
com.sun.tools.javac.processing.JavacProcessingEnvironment$1 
 - klass: 'com/sun/tools/javac/processing/JavacProcessingEnvironment$1'
RDX=0x00000000a2af9638 is an oop
com.sun.tools.javac.processing.JavacProcessingEnvironment$1 
 - klass: 'com/sun/tools/javac/processing/JavacProcessingEnvironment$1'
RSP=0x0000000027f8cc00 is pointing into the stack for thread: 0x000000001947d000
RBP=0x00000000fa799f50 is an oop
com.sun.tools.javac.util.List 
 - klass: 'com/sun/tools/javac/util/List'
RSI=0x00000000007d21d5 is an unknown value
RDI=0x00000000111a0000 is an unknown value
R8 =0x00000000fa776f60 is an oop
com.sun.tools.javac.tree.JCTree$JCLiteral 
 - klass: 'com/sun/tools/javac/tree/JCTree$JCLiteral'
R9 =0x00000000fa78cec8 is an oop
com.sun.tools.javac.util.List 
 - klass: 'com/sun/tools/javac/util/List'
R10=0x00000000fa776ef8 is an oop
com.sun.tools.javac.tree.JCTree$JCVariableDecl 
 - klass: 'com/sun/tools/javac/tree/JCTree$JCVariableDecl'
R11=0x00000000da799f68 is an unallocated location in the heap
R12=0x0000000000000000 is an unknown value
R13=0x0000000027f8cd68 is pointing into the stack for thread: 0x000000001947d000
R14=0x0000000000000000 is an unknown value
R15=0x000000001947d000 is a thread


Stack: [0x0000000027e90000,0x0000000027f90000],  sp=0x0000000027f8cc00,  free space=1011k
Native frames: (J=compiled Java code, j=interpreted, Vv=VM code, C=native code)
C  0x00000000057c4d32


---------------  P R O C E S S  ---------------

Java Threads: ( => current thread )
  0x000000001ca08000 JavaThread "Cache worker for Java compile cache (D:\gitProject\FreeReader\.gradle\4.1\javaCompile)" [_thread_blocked, id=10212, stack(0x0000000029000000,0x0000000029100000)]
  0x0000000019483000 JavaThread "ForkJoinPool.commonPool-worker-2" daemon [_thread_blocked, id=10432, stack(0x0000000028720000,0x0000000028820000)]
  0x0000000019480000 JavaThread "Task worker for ':' Thread 3" [_thread_blocked, id=10708, stack(0x0000000017e40000,0x0000000017f40000)]
  0x000000001947e800 JavaThread "Task worker for ':' Thread 2" [_thread_blocked, id=9676, stack(0x00000000285d0000,0x00000000286d0000)]
=>0x000000001947d000 JavaThread "Task worker for ':'" [_thread_in_Java, id=8260, stack(0x0000000027e90000,0x0000000027f90000)]
  0x000000001947d800 JavaThread "Cache worker for task history cache (D:\gitProject\FreeReader\.gradle\4.1\taskHistory)" [_thread_blocked, id=9124, stack(0x0000000024410000,0x0000000024510000)]
  0x000000001c2c1000 JavaThread "Cache worker for file content cache (D:\gitProject\FreeReader\.gradle\4.1\fileContent)" [_thread_blocked, id=10100, stack(0x000000001ba10000,0x000000001bb10000)]
  0x000000001c2c5800 JavaThread "build operations Thread 4" [_thread_blocked, id=10516, stack(0x00000000242d0000,0x00000000243d0000)]
  0x000000001c2c5000 JavaThread "build operations Thread 3" [_thread_blocked, id=5836, stack(0x00000000228a0000,0x00000000229a0000)]
  0x000000001c2c2000 JavaThread "build operations Thread 2" [_thread_blocked, id=9060, stack(0x0000000022bd0000,0x0000000022cd0000)]
  0x000000001c2bc000 JavaThread "build operations" [_thread_blocked, id=4596, stack(0x00000000240f0000,0x00000000241f0000)]
  0x000000001c2bc800 JavaThread "Cache worker for Artifact transforms cache (C:\Users\xiaw\.gradle\caches\transforms-1)" [_thread_blocked, id=8120, stack(0x0000000020200000,0x0000000020300000)]
  0x000000001c2c7000 JavaThread "Cache worker for file hash cache (D:\gitProject\FreeReader\.gradle\4.1\fileHashes)" [_thread_blocked, id=7048, stack(0x000000001e5f0000,0x000000001e6f0000)]
  0x000000001c2b9800 JavaThread "Stdin handler" [_thread_blocked, id=9228, stack(0x000000001bc50000,0x000000001bd50000)]
  0x000000001c2bf800 JavaThread "Asynchronous log dispatcher for DefaultDaemonConnection: socket connection from /127.0.0.1:64674 to /127.0.0.1:61380" [_thread_blocked, id=11248, stack(0x000000001bb20000,0x000000001bc20000)]
  0x000000001c2c6800 JavaThread "Daemon worker Thread 17" [_thread_blocked, id=10272, stack(0x000000001b3f0000,0x000000001b4f0000)]
  0x000000001c2bd800 JavaThread "Cancel handler" [_thread_blocked, id=9876, stack(0x000000001b2a0000,0x000000001b3a0000)]
  0x000000001c2c0800 JavaThread "Handler for socket connection from /127.0.0.1:64674 to /127.0.0.1:61380" [_thread_in_native, id=6444, stack(0x00000000177e0000,0x00000000178e0000)]
  0x000000001c2c3800 JavaThread "Daemon Thread 17" [_thread_blocked, id=3832, stack(0x000000001b180000,0x000000001b280000)]
  0x000000001c2be000 JavaThread "Memory manager" [_thread_blocked, id=4560, stack(0x0000000020ae0000,0x0000000020be0000)]
  0x000000001c2ba800 JavaThread "pool-1-thread-1" [_thread_blocked, id=6452, stack(0x000000001d2a0000,0x000000001d3a0000)]
  0x00000000194f8800 JavaThread "File lock request listener" [_thread_in_native, id=2056, stack(0x000000001bd50000,0x000000001be50000)]
  0x0000000019678000 JavaThread "Cache worker for file hash cache (C:\Users\xiaw\.gradle\caches\4.1\fileHashes)" [_thread_blocked, id=2988, stack(0x000000001b910000,0x000000001ba10000)]
  0x000000001905d800 JavaThread "Daemon periodic checks" [_thread_blocked, id=9856, stack(0x000000001b080000,0x000000001b180000)]
  0x0000000018fad800 JavaThread "Incoming local TCP Connector on port 64674" [_thread_in_native, id=11008, stack(0x000000001aea0000,0x000000001afa0000)]
  0x000000001736c800 JavaThread "Service Thread" daemon [_thread_blocked, id=8196, stack(0x0000000017f40000,0x0000000018040000)]
  0x0000000017304800 JavaThread "C1 CompilerThread2" daemon [_thread_blocked, id=6428, stack(0x0000000017d10000,0x0000000017e10000)]
  0x0000000017303800 JavaThread "C2 CompilerThread1" daemon [_thread_in_native, id=10144, stack(0x0000000017c10000,0x0000000017d10000)]
  0x0000000015e5e000 JavaThread "C2 CompilerThread0" daemon [_thread_blocked, id=8320, stack(0x0000000017ad0000,0x0000000017bd0000)]
  0x00000000172ea800 JavaThread "Attach Listener" daemon [_thread_blocked, id=2116, stack(0x0000000017920000,0x0000000017a20000)]
  0x0000000015e4f000 JavaThread "Signal Dispatcher" daemon [_thread_blocked, id=11056, stack(0x00000000176e0000,0x00000000177e0000)]
  0x0000000015e3a800 JavaThread "Finalizer" daemon [_thread_blocked, id=10968, stack(0x00000000171e0000,0x00000000172e0000)]
  0x0000000015df3800 JavaThread "Reference Handler" daemon [_thread_blocked, id=9924, stack(0x0000000017040000,0x0000000017140000)]
  0x0000000001cee000 JavaThread "main" [_thread_blocked, id=9588, stack(0x00000000020f0000,0x00000000021f0000)]

Other Threads:
  0x0000000015dec000 VMThread [stack: 0x0000000016f30000,0x0000000017030000] [id=8272]
  0x000000001732d000 WatcherThread [stack: 0x00000000180f0000,0x00000000181f0000] [id=10732]

VM state:not at safepoint (normal execution)

VM Mutex/Monitor currently owned by a thread: None

Heap:
 PSYoungGen      total 460800K, used 41680K [0x00000000e0000000, 0x0000000100000000, 0x0000000100000000)
  eden space 402944K, 0% used [0x00000000e0000000,0x00000000e0233fc8,0x00000000f8980000)
  from space 57856K, 68% used [0x00000000f8980000,0x00000000fb000378,0x00000000fc200000)
  to   space 61440K, 0% used [0x00000000fc400000,0x00000000fc400000,0x0000000100000000)
 ParOldGen       total 216064K, used 207119K [0x00000000a0000000, 0x00000000ad300000, 0x00000000e0000000)
  object space 216064K, 95% used [0x00000000a0000000,0x00000000aca43fe0,0x00000000ad300000)
 Metaspace       used 93990K, capacity 101764K, committed 101848K, reserved 1138688K
  class space    used 11578K, capacity 13549K, committed 13568K, reserved 1048576K

Card table byte_map: [0x00000000116a0000,0x00000000119b0000] byte_map_base: 0x00000000111a0000

Marking Bits: (ParMarkBitMap*) 0x00000000683918f0
 Begin Bits: [0x0000000012160000, 0x0000000013960000)
 End Bits:   [0x0000000013960000, 0x0000000015160000)

Polling page: 0x0000000000410000

CodeCache: size=245760Kb used=77930Kb max_used=77930Kb free=167829Kb
 bounds [0x00000000022e0000, 0x0000000006f80000, 0x00000000112e0000]
 total_blobs=20747 nmethods=19913 adapters=744
 compilation: enabled

Compilation events (10 events):
Event: 5645.447 Thread 0x0000000017304800 27756       3       butterknife.compiler.ButterKnifeProcessor::isSubtypeOfType (231 bytes)
Event: 5645.451 Thread 0x0000000017304800 nmethod 27756 0x0000000006f6e8d0 code [0x0000000006f6eda0, 0x0000000006f71e98]
Event: 5645.451 Thread 0x0000000017304800 27757       3       butterknife.compiler.ButterKnifeProcessor::isTypeEqual (11 bytes)
Event: 5645.452 Thread 0x0000000017304800 nmethod 27757 0x0000000006f73d10 code [0x0000000006f73e80, 0x0000000006f74138]
Event: 5645.502 Thread 0x0000000017304800 27758       3       com.squareup.javapoet.JavaFile$1::append (2 bytes)
Event: 5645.502 Thread 0x0000000017304800 nmethod 27758 0x0000000003c0e690 code [0x0000000003c0e7e0, 0x0000000003c0e930]
Event: 5645.502 Thread 0x0000000017304800 27759       3       com.squareup.javapoet.Util::characterLiteralWithoutSingleQuotes (131 bytes)
Event: 5645.504 Thread 0x0000000017304800 nmethod 27759 0x0000000006f74250 code [0x0000000006f74500, 0x0000000006f758c8]
Event: 5645.504 Thread 0x0000000017304800 27760       3       com.google.common.collect.AbstractIndexedListIterator::hasNext (17 bytes)
Event: 5645.504 Thread 0x0000000017304800 nmethod 27760 0x0000000006f08450 code [0x0000000006f085a0, 0x0000000006f08750]

GC Heap History (10 events):
Event: 5521.173 GC heap before
{Heap before GC invocations=97 (full 4):
 PSYoungGen      total 444928K, used 397118K [0x00000000e0000000, 0x00000000ff700000, 0x0000000100000000)
  eden space 381952K, 100% used [0x00000000e0000000,0x00000000f7500000,0x00000000f7500000)
  from space 62976K, 24% used [0x00000000fb980000,0x00000000fc84f960,0x00000000ff700000)
  to   space 66560K, 0% used [0x00000000f7500000,0x00000000f7500000,0x00000000fb600000)
 ParOldGen       total 216064K, used 206557K [0x00000000a0000000, 0x00000000ad300000, 0x00000000e0000000)
  object space 216064K, 95% used [0x00000000a0000000,0x00000000ac9b7690,0x00000000ad300000)
 Metaspace       used 92400K, capacity 100068K, committed 100312K, reserved 1136640K
  class space    used 11397K, capacity 13299K, committed 13312K, reserved 1048576K
Event: 5521.188 GC heap after
Heap after GC invocations=97 (full 4):
 PSYoungGen      total 448512K, used 6128K [0x00000000e0000000, 0x00000000fff80000, 0x0000000100000000)
  eden space 381952K, 0% used [0x00000000e0000000,0x00000000e0000000,0x00000000f7500000)
  from space 66560K, 9% used [0x00000000f7500000,0x00000000f7afc030,0x00000000fb600000)
  to   space 64512K, 0% used [0x00000000fc080000,0x00000000fc080000,0x00000000fff80000)
 ParOldGen       total 216064K, used 206765K [0x00000000a0000000, 0x00000000ad300000, 0x00000000e0000000)
  object space 216064K, 95% used [0x00000000a0000000,0x00000000ac9eb6a0,0x00000000ad300000)
 Metaspace       used 92400K, capacity 100068K, committed 100312K, reserved 1136640K
  class space    used 11397K, capacity 13299K, committed 13312K, reserved 1048576K
}
Event: 5527.075 GC heap before
{Heap before GC invocations=98 (full 4):
 PSYoungGen      total 448512K, used 388080K [0x00000000e0000000, 0x00000000fff80000, 0x0000000100000000)
  eden space 381952K, 100% used [0x00000000e0000000,0x00000000f7500000,0x00000000f7500000)
  from space 66560K, 9% used [0x00000000f7500000,0x00000000f7afc030,0x00000000fb600000)
  to   space 64512K, 0% used [0x00000000fc080000,0x00000000fc080000,0x00000000fff80000)
 ParOldGen       total 216064K, used 206765K [0x00000000a0000000, 0x00000000ad300000, 0x00000000e0000000)
  object space 216064K, 95% used [0x00000000a0000000,0x00000000ac9eb6a0,0x00000000ad300000)
 Metaspace       used 93172K, capacity 100822K, committed 100952K, reserved 1136640K
  class space    used 11482K, capacity 13404K, committed 13440K, reserved 1048576K
Event: 5527.092 GC heap after
Heap after GC invocations=98 (full 4):
 PSYoungGen      total 452096K, used 25723K [0x00000000e0000000, 0x00000000ffa00000, 0x0000000100000000)
  eden space 393216K, 0% used [0x00000000e0000000,0x00000000e0000000,0x00000000f8000000)
  from space 58880K, 43% used [0x00000000fc080000,0x00000000fd99ec80,0x00000000ffa00000)
  to   space 62464K, 0% used [0x00000000f8000000,0x00000000f8000000,0x00000000fbd00000)
 ParOldGen       total 216064K, used 206789K [0x00000000a0000000, 0x00000000ad300000, 0x00000000e0000000)
  object space 216064K, 95% used [0x00000000a0000000,0x00000000ac9f16a0,0x00000000ad300000)
 Metaspace       used 93172K, capacity 100822K, committed 100952K, reserved 1136640K
  class space    used 11482K, capacity 13404K, committed 13440K, reserved 1048576K
}
Event: 5527.767 GC heap before
{Heap before GC invocations=99 (full 4):
 PSYoungGen      total 452096K, used 417998K [0x00000000e0000000, 0x00000000ffa00000, 0x0000000100000000)
  eden space 393216K, 99% used [0x00000000e0000000,0x00000000f7f14eb8,0x00000000f8000000)
  from space 58880K, 43% used [0x00000000fc080000,0x00000000fd99ec80,0x00000000ffa00000)
  to   space 62464K, 0% used [0x00000000f8000000,0x00000000f8000000,0x00000000fbd00000)
 ParOldGen       total 216064K, used 206789K [0x00000000a0000000, 0x00000000ad300000, 0x00000000e0000000)
  object space 216064K, 95% used [0x00000000a0000000,0x00000000ac9f16a0,0x00000000ad300000)
 Metaspace       used 93177K, capacity 100822K, committed 100952K, reserved 1136640K
  class space    used 11482K, capacity 13404K, committed 13440K, reserved 1048576K
Event: 5528.030 GC heap after
Heap after GC invocations=99 (full 4):
 PSYoungGen      total 455680K, used 15851K [0x00000000e0000000, 0x00000000ffc80000, 0x0000000100000000)
  eden space 393216K, 0% used [0x00000000e0000000,0x00000000e0000000,0x00000000f8000000)
  from space 62464K, 25% used [0x00000000f8000000,0x00000000f8f7af10,0x00000000fbd00000)
  to   space 58880K, 0% used [0x00000000fc300000,0x00000000fc300000,0x00000000ffc80000)
 ParOldGen       total 216064K, used 206821K [0x00000000a0000000, 0x00000000ad300000, 0x00000000e0000000)
  object space 216064K, 95% used [0x00000000a0000000,0x00000000ac9f96a0,0x00000000ad300000)
 Metaspace       used 93177K, capacity 100822K, committed 100952K, reserved 1136640K
  class space    used 11482K, capacity 13404K, committed 13440K, reserved 1048576K
}
Event: 5640.867 GC heap before
{Heap before GC invocations=100 (full 4):
 PSYoungGen      total 455680K, used 409067K [0x00000000e0000000, 0x00000000ffc80000, 0x0000000100000000)
  eden space 393216K, 100% used [0x00000000e0000000,0x00000000f8000000,0x00000000f8000000)
  from space 62464K, 25% used [0x00000000f8000000,0x00000000f8f7af10,0x00000000fbd00000)
  to   space 58880K, 0% used [0x00000000fc300000,0x00000000fc300000,0x00000000ffc80000)
 ParOldGen       total 216064K, used 206821K [0x00000000a0000000, 0x00000000ad300000, 0x00000000e0000000)
  object space 216064K, 95% used [0x00000000a0000000,0x00000000ac9f96a0,0x00000000ad300000)
 Metaspace       used 93245K, capacity 100942K, committed 101080K, reserved 1136640K
  class space    used 11493K, capacity 13444K, committed 13568K, reserved 1048576K
Event: 5640.876 GC heap after
Heap after GC invocations=100 (full 4):
 PSYoungGen      total 459776K, used 4544K [0x00000000e0000000, 0x00000000ffa80000, 0x0000000100000000)
  eden space 402944K, 0% used [0x00000000e0000000,0x00000000e0000000,0x00000000f8980000)
  from space 56832K, 7% used [0x00000000fc300000,0x00000000fc770000,0x00000000ffa80000)
  to   space 57856K, 0% used [0x00000000f8980000,0x00000000f8980000,0x00000000fc200000)
 ParOldGen       total 216064K, used 207023K [0x00000000a0000000, 0x00000000ad300000, 0x00000000e0000000)
  object space 216064K, 95% used [0x00000000a0000000,0x00000000aca2bfe0,0x00000000ad300000)
 Metaspace       used 93245K, capacity 100942K, committed 101080K, reserved 1136640K
  class space    used 11493K, capacity 13444K, committed 13568K, reserved 1048576K
}
Event: 5645.514 GC heap before
{Heap before GC invocations=101 (full 4):
 PSYoungGen      total 459776K, used 407488K [0x00000000e0000000, 0x00000000ffa80000, 0x0000000100000000)
  eden space 402944K, 100% used [0x00000000e0000000,0x00000000f8980000,0x00000000f8980000)
  from space 56832K, 7% used [0x00000000fc300000,0x00000000fc770000,0x00000000ffa80000)
  to   space 57856K, 0% used [0x00000000f8980000,0x00000000f8980000,0x00000000fc200000)
 ParOldGen       total 216064K, used 207023K [0x00000000a0000000, 0x00000000ad300000, 0x00000000e0000000)
  object space 216064K, 95% used [0x00000000a0000000,0x00000000aca2bfe0,0x00000000ad300000)
 Metaspace       used 93965K, capacity 101764K, committed 101848K, reserved 1138688K
  class space    used 11574K, capacity 13549K, committed 13568K, reserved 1048576K
Event: 5645.619 GC heap after
Heap after GC invocations=101 (full 4):
 PSYoungGen      total 460800K, used 39424K [0x00000000e0000000, 0x0000000100000000, 0x0000000100000000)
  eden space 402944K, 0% used [0x00000000e0000000,0x00000000e0000000,0x00000000f8980000)
  from space 57856K, 68% used [0x00000000f8980000,0x00000000fb000378,0x00000000fc200000)
  to   space 61440K, 0% used [0x00000000fc400000,0x00000000fc400000,0x0000000100000000)
 ParOldGen       total 216064K, used 207119K [0x00000000a0000000, 0x00000000ad300000, 0x00000000e0000000)
  object space 216064K, 95% used [0x00000000a0000000,0x00000000aca43fe0,0x00000000ad300000)
 Metaspace       used 93965K, capacity 101764K, committed 101848K, reserved 1138688K
  class space    used 11574K, capacity 13549K, committed 13568K, reserved 1048576K
}

Deoptimization events (10 events):
Event: 3163.677 Thread 0x000000001d8ac800 Uncommon trap: reason=unstable_if action=reinterpret pc=0x0000000006a6dc0c method=com.sun.tools.javac.jvm.Gen.generateReferencesToPrunedTree(Lcom/sun/tools/javac/code/Symbol$ClassSymbol;Lcom/sun/tools/javac/jvm/Pool;)V @ 18
Event: 3164.943 Thread 0x000000001ca0d800 Uncommon trap: reason=unstable_if action=reinterpret pc=0x00000000063a071c method=com.android.dx.rop.code.LocalItem.hashCode()I @ 25
Event: 3164.950 Thread 0x000000001ca0d800 Uncommon trap: reason=unstable_if action=reinterpret pc=0x000000000678e5dc method=com.android.dx.util.IntList.sort()V @ 8
Event: 3164.955 Thread 0x000000001ca0d800 Uncommon trap: reason=unstable_if action=reinterpret pc=0x00000000060aef64 method=com.android.dx.dex.code.OutputFinisher.addConstants(Ljava/util/HashSet;Lcom/android/dx/rop/code/RegisterSpec;)V @ 71
Event: 3164.958 Thread 0x000000001ca0d800 Uncommon trap: reason=unstable_if action=reinterpret pc=0x0000000006ae49e8 method=com.android.dx.dex.code.LocalList$MakeState.snapshot(ILcom/android/dx/rop/code/RegisterSpecSet;)V @ 51
Event: 3165.217 Thread 0x000000001d8ad000 Uncommon trap: reason=unstable_if action=reinterpret pc=0x0000000006d06614 method=java.util.concurrent.ForkJoinPool.helpStealer(Ljava/util/concurrent/ForkJoinPool$WorkQueue;Ljava/util/concurrent/ForkJoinTask;)V @ 149
Event: 3165.217 Thread 0x000000001d8ad000 Uncommon trap: reason=unstable_if action=reinterpret pc=0x0000000006d02824 method=java.util.concurrent.ForkJoinPool.awaitJoin(Ljava/util/concurrent/ForkJoinPool$WorkQueue;Ljava/util/concurrent/ForkJoinTask;J)I @ 107
Event: 3165.265 Thread 0x000000001d8ad000 Uncommon trap: reason=unstable_if action=reinterpret pc=0x0000000006d20258 method=java.util.concurrent.ForkJoinPool.awaitJoin(Ljava/util/concurrent/ForkJoinPool$WorkQueue;Ljava/util/concurrent/ForkJoinTask;J)I @ 165
Event: 3165.265 Thread 0x000000001ca0d800 Uncommon trap: reason=unstable_if action=reinterpret pc=0x0000000006d20258 method=java.util.concurrent.ForkJoinPool.awaitJoin(Ljava/util/concurrent/ForkJoinPool$WorkQueue;Ljava/util/concurrent/ForkJoinTask;J)I @ 165
Event: 5402.094 Thread 0x000000001d8ac800 Uncommon trap: reason=unstable_if action=reinterpret pc=0x0000000006d1c7cc method=java.util.concurrent.ForkJoinPool.awaitJoin(Ljava/util/concurrent/ForkJoinPool$WorkQueue;Ljava/util/concurrent/ForkJoinTask;J)I @ 165

Internal exceptions (10 events):
Event: 5642.365 Thread 0x000000001c2c6800 Exception <a 'sun/nio/fs/WindowsException'> (0x00000000e9dfb7d8) thrown at [C:\src\android\AOSP-openjdk\external\jetbrains\jdk\hotspot\src\share\vm\prims\jni.cpp, line 709]
Event: 5642.365 Thread 0x000000001c2c6800 Exception <a 'sun/nio/fs/WindowsException'> (0x00000000e9dfc298) thrown at [C:\src\android\AOSP-openjdk\external\jetbrains\jdk\hotspot\src\share\vm\prims\jni.cpp, line 709]
Event: 5642.365 Thread 0x000000001c2c6800 Exception <a 'sun/nio/fs/WindowsException'> (0x00000000e9dfe130) thrown at [C:\src\android\AOSP-openjdk\external\jetbrains\jdk\hotspot\src\share\vm\prims\jni.cpp, line 709]
Event: 5642.365 Thread 0x000000001c2c6800 Exception <a 'sun/nio/fs/WindowsException'> (0x00000000e9dfec10) thrown at [C:\src\android\AOSP-openjdk\external\jetbrains\jdk\hotspot\src\share\vm\prims\jni.cpp, line 709]
Event: 5642.366 Thread 0x000000001c2c6800 Exception <a 'sun/nio/fs/WindowsException'> (0x00000000e9e01980) thrown at [C:\src\android\AOSP-openjdk\external\jetbrains\jdk\hotspot\src\share\vm\prims\jni.cpp, line 709]
Event: 5642.366 Thread 0x000000001c2c6800 Exception <a 'sun/nio/fs/WindowsException'> (0x00000000e9e024b0) thrown at [C:\src\android\AOSP-openjdk\external\jetbrains\jdk\hotspot\src\share\vm\prims\jni.cpp, line 709]
Event: 5642.366 Thread 0x000000001c2c6800 Exception <a 'sun/nio/fs/WindowsException'> (0x00000000e9e04460) thrown at [C:\src\android\AOSP-openjdk\external\jetbrains\jdk\hotspot\src\share\vm\prims\jni.cpp, line 709]
Event: 5642.366 Thread 0x000000001c2c6800 Exception <a 'sun/nio/fs/WindowsException'> (0x00000000e9e04fb0) thrown at [C:\src\android\AOSP-openjdk\external\jetbrains\jdk\hotspot\src\share\vm\prims\jni.cpp, line 709]
Event: 5642.366 Thread 0x000000001c2c6800 Exception <a 'sun/nio/fs/WindowsException'> (0x00000000e9e13f40) thrown at [C:\src\android\AOSP-openjdk\external\jetbrains\jdk\hotspot\src\share\vm\prims\jni.cpp, line 709]
Event: 5642.366 Thread 0x000000001c2c6800 Exception <a 'sun/nio/fs/WindowsException'> (0x00000000e9e15360) thrown at [C:\src\android\AOSP-openjdk\external\jetbrains\jdk\hotspot\src\share\vm\prims\jni.cpp, line 709]

Events (10 events):
Event: 5645.514 Executing VM operation: ParallelGCFailedAllocation
Event: 5645.619 Executing VM operation: ParallelGCFailedAllocation done
Event: 5645.619 loading class com/google/common/collect/ImmutableSet
Event: 5645.619 loading class com/google/common/collect/ImmutableSet done
Event: 5645.620 loading class com/google/common/collect/EmptyImmutableSet
Event: 5645.620 loading class com/google/common/collect/EmptyImmutableSet done
Event: 5645.620 loading class com/google/common/collect/SingletonImmutableSet
Event: 5645.620 loading class com/google/common/collect/SingletonImmutableSet done
Event: 5645.621 loading class com/google/common/collect/RegularImmutableSet
Event: 5645.621 loading class com/google/common/collect/RegularImmutableSet done


Dynamic libraries:
0x000000013f770000 - 0x000000013f7a1000 	D:\Program Files\Android\Android Studio\jre\bin\java.exe
0x0000000076e20000 - 0x0000000076fbf000 	C:\Windows\SYSTEM32\ntdll.dll
0x0000000076c00000 - 0x0000000076d1f000 	C:\Windows\system32\kernel32.dll
0x000007fefcd00000 - 0x000007fefcd6a000 	C:\Windows\system32\KERNELBASE.dll
0x000007fefd8f0000 - 0x000007fefd9cb000 	C:\Windows\system32\ADVAPI32.dll
0x000007fefde80000 - 0x000007fefdf1f000 	C:\Windows\system32\msvcrt.dll
0x000007fefdb70000 - 0x000007fefdb8f000 	C:\Windows\SYSTEM32\sechost.dll
0x000007fefce90000 - 0x000007fefcfbd000 	C:\Windows\system32\RPCRT4.dll
0x0000000076d20000 - 0x0000000076e1a000 	C:\Windows\system32\USER32.dll
0x000007fefdf20000 - 0x000007fefdf87000 	C:\Windows\system32\GDI32.dll
0x000007fefddc0000 - 0x000007fefddce000 	C:\Windows\system32\LPK.dll
0x000007fefef60000 - 0x000007feff02b000 	C:\Windows\system32\USP10.dll
0x000007feface0000 - 0x000007fefaed4000 	C:\Windows\WinSxS\amd64_microsoft.windows.common-controls_6595b64144ccf1df_6.0.7601.18837_none_fa3b1e3d17594757\COMCTL32.dll
0x000007fefeee0000 - 0x000007fefef51000 	C:\Windows\system32\SHLWAPI.dll
0x000007fefddd0000 - 0x000007fefddfe000 	C:\Windows\system32\IMM32.DLL
0x000007fefcd80000 - 0x000007fefce89000 	C:\Windows\system32\MSCTF.dll
0x0000000050090000 - 0x0000000050162000 	D:\Program Files\Android\Android Studio\jre\jre\bin\msvcr100.dll
0x0000000067bd0000 - 0x000000006840c000 	D:\Program Files\Android\Android Studio\jre\jre\bin\server\jvm.dll
0x000007feebd00000 - 0x000007feebd09000 	C:\Windows\system32\WSOCK32.dll
0x000007fefdb90000 - 0x000007fefdbdd000 	C:\Windows\system32\WS2_32.dll
0x000007fefeed0000 - 0x000007fefeed8000 	C:\Windows\system32\NSI.dll
0x000007fefa250000 - 0x000007fefa28b000 	C:\Windows\system32\WINMM.dll
0x000007fefb370000 - 0x000007fefb37c000 	C:\Windows\system32\VERSION.dll
0x0000000076fd0000 - 0x0000000076fd7000 	C:\Windows\system32\PSAPI.DLL
0x000007fefac40000 - 0x000007fefac4f000 	D:\Program Files\Android\Android Studio\jre\jre\bin\verify.dll
0x000007fef4440000 - 0x000007fef4469000 	D:\Program Files\Android\Android Studio\jre\jre\bin\java.dll
0x000007fefa500000 - 0x000007fefa516000 	D:\Program Files\Android\Android Studio\jre\jre\bin\zip.dll
0x000007fefe140000 - 0x000007fefeeca000 	C:\Windows\system32\SHELL32.dll
0x000007fefd290000 - 0x000007fefd48d000 	C:\Windows\system32\ole32.dll
0x000007fefc9c0000 - 0x000007fefc9cf000 	C:\Windows\system32\profapi.dll
0x000007fef4420000 - 0x000007fef443a000 	D:\Program Files\Android\Android Studio\jre\jre\bin\net.dll
0x000007fefc150000 - 0x000007fefc1a5000 	C:\Windows\system32\mswsock.dll
0x000007fefc140000 - 0x000007fefc147000 	C:\Windows\System32\wship6.dll
0x000007fef4400000 - 0x000007fef4411000 	D:\Program Files\Android\Android Studio\jre\jre\bin\nio.dll
0x000007fef9a40000 - 0x000007fef9a5e000 	C:\Users\xiaw\.gradle\native\25\windows-amd64\native-platform.dll
0x000007fef7b10000 - 0x000007fef7b1d000 	D:\Program Files\Android\Android Studio\jre\jre\bin\management.dll
0x000007fefc1b0000 - 0x000007fefc1c8000 	C:\Windows\system32\CRYPTSP.dll
0x000007fefbeb0000 - 0x000007fefbef7000 	C:\Windows\system32\rsaenh.dll
0x000007fefca50000 - 0x000007fefca6e000 	C:\Windows\system32\USERENV.dll
0x000007fefc820000 - 0x000007fefc82f000 	C:\Windows\system32\CRYPTBASE.dll
0x000007fef9b70000 - 0x000007fef9b97000 	C:\Windows\system32\IPHLPAPI.DLL
0x000007fef9b60000 - 0x000007fef9b6b000 	C:\Windows\system32\WINNSI.DLL
0x000007fef96b0000 - 0x000007fef96c1000 	C:\Windows\system32\dhcpcsvc6.DLL
0x000007fef9630000 - 0x000007fef9648000 	C:\Windows\system32\dhcpcsvc.DLL
0x000007fefc7c0000 - 0x000007fefc817000 	C:\Windows\system32\apphelp.dll
0x000007fef48e0000 - 0x000007fef4a05000 	C:\Windows\system32\dbghelp.dll

VM Arguments:
jvm_args: -Xmx1536m -Dfile.encoding=GBK -Duser.country=CN -Duser.language=zh -Duser.variant 
java_command: org.gradle.launcher.daemon.bootstrap.GradleDaemon 4.1
java_class_path (initial): C:\Users\xiaw\.gradle\wrapper\dists\gradle-4.1-all\bzyivzo6n839fup2jbap0tjew\gradle-4.1\lib\gradle-launcher-4.1.jar
Launcher Type: SUN_STANDARD

Environment Variables:
PATH=C:\Users\xiaw\AppData\Local\Programs\Python\Python36-32;C:\Users\xiaw\AppData\Local\Programs\Python\Python36-32\Scripts;C:\ProgramData\Oracle\Java\javapath;C:\Windows\system32;C:\Windows;C:\Windows\System32\Wbem;C:\Windows\System32\WindowsPowerShell\v1.0\;C:\Program Files\TortoiseSVN\bin;C:\Program Files\Java\jdk1.8.0_45\bin;D:\adt-bundle-windows-x86_64-20140702\sdk\platform-tools;C:\Program Files\dotnet\;D:\phpStudy\php\php-7.0.12-nts;C:\ProgramData\ComposerSetup\bin;D:\Program Files\Git\cmd;D:\fluttersdk\flutter\bin;C:\ProgramData\chocolatey\bin;C:\Program Files\nodejs\;C:\Program Files\PuTTY\;C:\Users\xiaw\AppData\Local\GitHubDesktop\bin;d:\Program Files\Microsoft VS Code\bin;C:\Users\xiaw\AppData\Roaming\Composer\vendor\bin;C:\Users\xiaw\AppData\Roaming\npm;C:\Users\xiaw\AppData\Local\atom\bin
USERNAME=xiaw
OS=Windows_NT
PROCESSOR_IDENTIFIER=Intel64 Family 6 Model 60 Stepping 3, GenuineIntel



---------------  S Y S T E M  ---------------

OS: Windows 7 , 64 bit Build 7601 (6.1.7601.24260)

CPU:total 4 (2 cores per cpu, 2 threads per core) family 6 model 60 stepping 3, cmov, cx8, fxsr, mmx, sse, sse2, sse3, ssse3, sse4.1, sse4.2, popcnt, avx, avx2, aes, clmul, erms, lzcnt, ht, tsc, tscinvbit, bmi1, bmi2

Memory: 4k page, physical 8078584k(316260k free), swap 16155268k(5625696k free)

vm_info: OpenJDK 64-Bit Server VM (25.112-b06) for windows-amd64 JRE (1.8.0_112-release-b06), built on Dec  8 2016 00:54:26 by "builder" with MS VC++ 10.0 (VS2010)

time: Fri Oct 26 15:22:39 2018
elapsed time: 5645 seconds (0d 1h 34m 5s)

