#
# A fatal error has been detected by the Java Runtime Environment:
#
#  EXCEPTION_ACCESS_VIOLATION (0xc0000005) at pc=0x0000000067c5a070, pid=7996, tid=0x0000000000001094
#
# JRE version: OpenJDK Runtime Environment (8.0_112-b06) (build 1.8.0_112-release-b06)
# Java VM: OpenJDK 64-Bit Server VM (25.112-b06 mixed mode windows-amd64 compressed oops)
# Problematic frame:
# V  [jvm.dll+0x8a070]
#
# Failed to write core dump. Minidumps are not enabled by default on client versions of Windows
#
# If you would like to submit a bug report, please visit:
#   http://bugreport.java.com/bugreport/crash.jsp
#

---------------  T H R E A D  ---------------

Current thread (0x00000000021cc000):  GCTaskThread [stack: 0x0000000011fa0000,0x00000000120a0000] [id=4244]

siginfo: ExceptionCode=0xc0000005, reading address 0x000000004058fd70

Registers:
RAX=0x0000000000000001, RBX=0x00000000ff241f58, RCX=0x00000000ff241f58, RDX=0x000000004058fd68
RSP=0x000000001209f5e8, RBP=0x00000000119bb501, RSI=0x00000000160e5580, RDI=0x00000000a769b618
R8 =0x00000000160e5580, R9 =0x0000000000000005, R10=0x0000000000000008, R11=0x00000000f91f01e8
R12=0x00000000119bb481, R13=0x000000000000000d, R14=0x0000000000000000, R15=0x00000000021c5740
RIP=0x0000000067c5a070, EFLAGS=0x0000000000010202

Top of Stack: (sp=0x000000001209f5e8)
0x000000001209f5e8:   0000000067f9ac22 00000000ff241f38
0x000000001209f5f8:   0000000000000004 00000000160e5580
0x000000001209f608:   00000000a74466fd 00000000f91e81f8
0x000000001209f618:   0000000067f9b36b 00000000a8617e98
0x000000001209f628:   0000000000000400 0000000000000000
0x000000001209f638:   00000000160e5500 00000000119bb481
0x000000001209f648:   0000000067f9af90 00000000f91edafc
0x000000001209f658:   00000000119bb501 00000000160e5580
0x000000001209f668:   00000000a769b618 00000000f91edafc
0x000000001209f678:   0000000067f9bb35 00000000ff24a078
0x000000001209f688:   00000000119bb101 00000000160e5580
0x000000001209f698:   0000000000000004 00000000160e5580
0x000000001209f6a8:   00000000021ca700 00000000a2f99904
0x000000001209f6b8:   0000000067cbed77 00000000160e5580
0x000000001209f6c8:   0000000067cbcf83 00000000a76955c9
0x000000001209f6d8:   00000000a76955c9 000000000000000c 

Instructions: (pc=0x0000000067c5a070)
0x0000000067c5a050:   1c 42 1d 00 48 8b 9c 24 c0 00 00 00 48 81 c4 b0
0x0000000067c5a060:   00 00 00 5d c3 cc cc cc cc cc cc cc cc cc cc cc
0x0000000067c5a070:   44 8b 42 08 4c 8b ca 45 85 c0 7e 0e 41 f6 c0 01
0x0000000067c5a080:   75 57 41 c1 f8 03 41 8b c0 c3 79 4d 80 3d de d7 


Register to memory mapping:

RAX=0x0000000000000001 is an unknown value
RBX=0x00000000ff241f58 is an oop

[error occurred during error reporting (printing register info), id 0xc0000005]

Stack: [0x0000000011fa0000,0x00000000120a0000],  sp=0x000000001209f5e8,  free space=1021k
Native frames: (J=compiled Java code, j=interpreted, Vv=VM code, C=native code)
V  [jvm.dll+0x8a070]


---------------  P R O C E S S  ---------------

Java Threads: ( => current thread )
  0x000000001bffb000 JavaThread "build operations Thread 4" [_thread_blocked, id=8240, stack(0x0000000023470000,0x0000000023570000)]
  0x000000001bfff000 JavaThread "build operations Thread 3" [_thread_blocked, id=6240, stack(0x0000000021300000,0x0000000021400000)]
  0x000000001bff5800 JavaThread "build operations Thread 2" [_thread_blocked, id=4084, stack(0x0000000020450000,0x0000000020550000)]
  0x000000001bffc000 JavaThread "build operations" [_thread_blocked, id=10084, stack(0x000000001e4c0000,0x000000001e5c0000)]
  0x000000001bff5000 JavaThread "Cache worker for Artifact transforms cache (C:\Users\xiaw\.gradle\caches\transforms-1)" [_thread_blocked, id=7756, stack(0x00000000202e0000,0x00000000203e0000)]
  0x000000001bffd800 JavaThread "Cache worker for file hash cache (D:\gitProject\FreeReader\.gradle\4.1\fileHashes)" [_thread_blocked, id=6308, stack(0x000000001ea60000,0x000000001eb60000)]
  0x000000001bff6800 JavaThread "Stdin handler" [_thread_blocked, id=11024, stack(0x000000001b4a0000,0x000000001b5a0000)]
  0x000000001bff9800 JavaThread "Asynchronous log dispatcher for DefaultDaemonConnection: socket connection from /127.0.0.1:57452 to /127.0.0.1:50622" [_thread_blocked, id=10688, stack(0x000000001b770000,0x000000001b870000)]
  0x000000001efef000 JavaThread "Cancel handler" [_thread_blocked, id=11220, stack(0x0000000017e20000,0x0000000017f20000)]
  0x000000001efec000 JavaThread "Handler for socket connection from /127.0.0.1:57452 to /127.0.0.1:50622" [_thread_in_native, id=4628, stack(0x000000001b5b0000,0x000000001b6b0000)]
  0x000000001bff7800 JavaThread "Daemon worker Thread 17" [_thread_blocked, id=7280, stack(0x000000001b8b0000,0x000000001b9b0000)]
  0x000000001bff2000 JavaThread "Daemon Thread 17" [_thread_blocked, id=10856, stack(0x000000001b090000,0x000000001b190000)]
  0x000000001bff9000 JavaThread "Memory manager" [_thread_blocked, id=4596, stack(0x00000000201e0000,0x00000000202e0000)]
  0x000000001bff8000 JavaThread "pool-1-thread-1" [_thread_blocked, id=6196, stack(0x00000000209d0000,0x0000000020ad0000)]
  0x0000000019ab0800 JavaThread "File lock request listener" [_thread_in_native, id=8216, stack(0x000000001bca0000,0x000000001bda0000)]
  0x000000001944a000 JavaThread "Cache worker for file hash cache (C:\Users\xiaw\.gradle\caches\4.1\fileHashes)" [_thread_blocked, id=6764, stack(0x000000001baa0000,0x000000001bba0000)]
  0x000000001949b000 JavaThread "Daemon periodic checks" [_thread_blocked, id=6864, stack(0x0000000018b10000,0x0000000018c10000)]
  0x0000000019495800 JavaThread "Incoming local TCP Connector on port 57452" [_thread_in_native, id=8204, stack(0x000000001af90000,0x000000001b090000)]
  0x0000000017523800 JavaThread "Service Thread" daemon [_thread_blocked, id=7016, stack(0x0000000018160000,0x0000000018260000)]
  0x0000000017520800 JavaThread "C1 CompilerThread2" daemon [_thread_blocked, id=8468, stack(0x0000000017f30000,0x0000000018030000)]
  0x00000000174e2000 JavaThread "C2 CompilerThread1" daemon [_thread_blocked, id=1972, stack(0x00000000178c0000,0x00000000179c0000)]
  0x00000000174bb000 JavaThread "C2 CompilerThread0" daemon [_thread_blocked, id=8652, stack(0x0000000017cc0000,0x0000000017dc0000)]
  0x00000000174ba800 JavaThread "Attach Listener" daemon [_thread_blocked, id=5592, stack(0x0000000017b60000,0x0000000017c60000)]
  0x000000001614b800 JavaThread "Signal Dispatcher" daemon [_thread_blocked, id=6608, stack(0x0000000017a40000,0x0000000017b40000)]
  0x0000000016131800 JavaThread "Finalizer" daemon [_thread_blocked, id=8340, stack(0x00000000173b0000,0x00000000174b0000)]
  0x00000000160f0000 JavaThread "Reference Handler" daemon [_thread_blocked, id=6404, stack(0x0000000017100000,0x0000000017200000)]
  0x000000000217e000 JavaThread "main" [_thread_blocked, id=4652, stack(0x00000000024c0000,0x00000000025c0000)]

Other Threads:
  0x00000000160e8800 VMThread [stack: 0x0000000017220000,0x0000000017320000] [id=4724]
  0x0000000017526000 WatcherThread [stack: 0x0000000018040000,0x0000000018140000] [id=7528]

=>0x00000000021cc000 (exited) GCTaskThread [stack: 0x0000000011fa0000,0x00000000120a0000] [id=4244]

VM state:at safepoint (normal execution)

VM Mutex/Monitor currently owned by a thread:  ([mutex/lock_event])
[0x000000000217c250] Threads_lock - owner thread: 0x00000000160e8800
[0x000000000217c750] Heap_lock - owner thread: 0x000000001bff7800

Heap:
 PSYoungGen      total 431616K, used 423711K [0x00000000e0000000, 0x0000000100000000, 0x0000000100000000)
  eden space 376832K, 100% used [0x00000000e0000000,0x00000000f7000000,0x00000000f7000000)
  from space 54784K, 85% used [0x00000000fca80000,0x00000000ff847f08,0x0000000100000000)
  to   space 73728K, 48% used [0x00000000f7000000,0x00000000f92b01f8,0x00000000fb800000)
 ParOldGen       total 194560K, used 137441K [0x00000000a0000000, 0x00000000abe00000, 0x00000000e0000000)
  object space 194560K, 70% used [0x00000000a0000000,0x00000000a86387e0,0x00000000abe00000)
 Metaspace       used 86468K, capacity 93806K, committed 94080K, reserved 1130496K
  class space    used 10801K, capacity 12528K, committed 12672K, reserved 1048576K

Card table byte_map: [0x0000000011980000,0x0000000011c90000] byte_map_base: 0x0000000011480000

Marking Bits: (ParMarkBitMap*) 0x00000000683918f0
 Begin Bits: [0x0000000012460000, 0x0000000013c60000)
 End Bits:   [0x0000000013c60000, 0x0000000015460000)

Polling page: 0x0000000000210000

CodeCache: size=245760Kb used=73480Kb max_used=73696Kb free=172279Kb
 bounds [0x00000000025c0000, 0x0000000006e30000, 0x00000000115c0000]
 total_blobs=20155 nmethods=19319 adapters=747
 compilation: enabled

Compilation events (10 events):
Event: 7992.397 Thread 0x0000000017520800 26985       3       org.gradle.api.internal.project.AbstractPluginAware::getPlugins (10 bytes)
Event: 7992.398 Thread 0x0000000017520800 nmethod 26985 0x0000000006e273d0 code [0x0000000006e27540, 0x0000000006e27828]
Event: 7992.399 Thread 0x0000000017520800 26986       1       org.gradle.api.internal.plugins.PluginInspector$PotentialImperativeClassPlugin::isImperative (2 bytes)
Event: 7992.399 Thread 0x0000000017520800 nmethod 26986 0x0000000003698410 code [0x0000000003698560, 0x0000000003698670]
Event: 7992.399 Thread 0x0000000017520800 26987       1       org.gradle.api.internal.plugins.PluginInspector$PotentialImperativeClassPlugin::isHasRules (2 bytes)
Event: 7992.399 Thread 0x0000000017520800 nmethod 26987 0x0000000003698150 code [0x00000000036982a0, 0x00000000036983b0]
Event: 7992.401 Thread 0x0000000017520800 26988       3       org.gradle.internal.ImmutableActionSet::of (115 bytes)
Event: 7992.402 Thread 0x0000000017520800 nmethod 26988 0x0000000004fe38d0 code [0x0000000004fe3b60, 0x0000000004fe4cb8]
Event: 7992.405 Thread 0x00000000174bb000 26989       4       org.codehaus.groovy.runtime.typehandling.DefaultTypeTransformation::castToType (143 bytes)
Event: 7992.406 Thread 0x00000000174bb000 nmethod 26989 0x0000000003697d90 code [0x0000000003697ec0, 0x0000000003697fb8]

GC Heap History (10 events):
Event: 7860.404 GC heap after
Heap after GC invocations=70 (full 6):
 PSYoungGen      total 467968K, used 24451K [0x00000000e0000000, 0x00000000fff00000, 0x0000000100000000)
  eden space 416768K, 0% used [0x00000000e0000000,0x00000000e0000000,0x00000000f9700000)
  from space 51200K, 47% used [0x00000000fc980000,0x00000000fe160ce0,0x00000000ffb80000)
  to   space 51712K, 0% used [0x00000000f9700000,0x00000000f9700000,0x00000000fc980000)
 ParOldGen       total 194560K, used 100605K [0x00000000a0000000, 0x00000000abe00000, 0x00000000e0000000)
  object space 194560K, 51% used [0x00000000a0000000,0x00000000a623f590,0x00000000abe00000)
 Metaspace       used 85529K, capacity 92712K, committed 93056K, reserved 1130496K
  class space    used 10686K, capacity 12327K, committed 12416K, reserved 1048576K
}
Event: 7861.009 GC heap before
{Heap before GC invocations=71 (full 6):
 PSYoungGen      total 467968K, used 441184K [0x00000000e0000000, 0x00000000fff00000, 0x0000000100000000)
  eden space 416768K, 99% used [0x00000000e0000000,0x00000000f96f7580,0x00000000f9700000)
  from space 51200K, 47% used [0x00000000fc980000,0x00000000fe160ce0,0x00000000ffb80000)
  to   space 51712K, 0% used [0x00000000f9700000,0x00000000f9700000,0x00000000fc980000)
 ParOldGen       total 194560K, used 100605K [0x00000000a0000000, 0x00000000abe00000, 0x00000000e0000000)
  object space 194560K, 51% used [0x00000000a0000000,0x00000000a623f590,0x00000000abe00000)
 Metaspace       used 85539K, capacity 92712K, committed 93056K, reserved 1130496K
  class space    used 10686K, capacity 12327K, committed 12416K, reserved 1048576K
Event: 7861.020 GC heap after
Heap after GC invocations=71 (full 6):
 PSYoungGen      total 468480K, used 14365K [0x00000000e0000000, 0x00000000ff980000, 0x0000000100000000)
  eden space 416768K, 0% used [0x00000000e0000000,0x00000000e0000000,0x00000000f9700000)
  from space 51712K, 27% used [0x00000000f9700000,0x00000000fa5077c8,0x00000000fc980000)
  to   space 48128K, 0% used [0x00000000fca80000,0x00000000fca80000,0x00000000ff980000)
 ParOldGen       total 194560K, used 100613K [0x00000000a0000000, 0x00000000abe00000, 0x00000000e0000000)
  object space 194560K, 51% used [0x00000000a0000000,0x00000000a6241590,0x00000000abe00000)
 Metaspace       used 85539K, capacity 92712K, committed 93056K, reserved 1130496K
  class space    used 10686K, capacity 12327K, committed 12416K, reserved 1048576K
}
Event: 7940.276 GC heap before
{Heap before GC invocations=72 (full 6):
 PSYoungGen      total 468480K, used 431133K [0x00000000e0000000, 0x00000000ff980000, 0x0000000100000000)
  eden space 416768K, 100% used [0x00000000e0000000,0x00000000f9700000,0x00000000f9700000)
  from space 51712K, 27% used [0x00000000f9700000,0x00000000fa5077c8,0x00000000fc980000)
  to   space 48128K, 0% used [0x00000000fca80000,0x00000000fca80000,0x00000000ff980000)
 ParOldGen       total 194560K, used 100613K [0x00000000a0000000, 0x00000000abe00000, 0x00000000e0000000)
  object space 194560K, 51% used [0x00000000a0000000,0x00000000a6241590,0x00000000abe00000)
 Metaspace       used 85617K, capacity 92850K, committed 93184K, reserved 1130496K
  class space    used 10698K, capacity 12370K, committed 12544K, reserved 1048576K
Event: 7940.283 GC heap after
Heap after GC invocations=72 (full 6):
 PSYoungGen      total 471040K, used 3616K [0x00000000e0000000, 0x00000000ff980000, 0x0000000100000000)
  eden space 422912K, 0% used [0x00000000e0000000,0x00000000e0000000,0x00000000f9d00000)
  from space 48128K, 7% used [0x00000000fca80000,0x00000000fce08020,0x00000000ff980000)
  to   space 46592K, 0% used [0x00000000f9d00000,0x00000000f9d00000,0x00000000fca80000)
 ParOldGen       total 194560K, used 100645K [0x00000000a0000000, 0x00000000abe00000, 0x00000000e0000000)
  object space 194560K, 51% used [0x00000000a0000000,0x00000000a6249590,0x00000000abe00000)
 Metaspace       used 85617K, capacity 92850K, committed 93184K, reserved 1130496K
  class space    used 10698K, capacity 12370K, committed 12544K, reserved 1048576K
}
Event: 7944.531 GC heap before
{Heap before GC invocations=73 (full 6):
 PSYoungGen      total 471040K, used 426528K [0x00000000e0000000, 0x00000000ff980000, 0x0000000100000000)
  eden space 422912K, 100% used [0x00000000e0000000,0x00000000f9d00000,0x00000000f9d00000)
  from space 48128K, 7% used [0x00000000fca80000,0x00000000fce08020,0x00000000ff980000)
  to   space 46592K, 0% used [0x00000000f9d00000,0x00000000f9d00000,0x00000000fca80000)
 ParOldGen       total 194560K, used 100645K [0x00000000a0000000, 0x00000000abe00000, 0x00000000e0000000)
  object space 194560K, 51% used [0x00000000a0000000,0x00000000a6249590,0x00000000abe00000)
 Metaspace       used 86368K, capacity 93604K, committed 93696K, reserved 1130496K
  class space    used 10783K, capacity 12475K, committed 12544K, reserved 1048576K
Event: 7944.620 GC heap after
Heap after GC invocations=73 (full 6):
 PSYoungGen      total 469504K, used 46562K [0x00000000e0000000, 0x0000000100000000, 0x0000000100000000)
  eden space 422912K, 0% used [0x00000000e0000000,0x00000000e0000000,0x00000000f9d00000)
  from space 46592K, 99% used [0x00000000f9d00000,0x00000000fca789a0,0x00000000fca80000)
  to   space 54784K, 0% used [0x00000000fca80000,0x00000000fca80000,0x0000000100000000)
 ParOldGen       total 194560K, used 136497K [0x00000000a0000000, 0x00000000abe00000, 0x00000000e0000000)
  object space 194560K, 70% used [0x00000000a0000000,0x00000000a854c4f8,0x00000000abe00000)
 Metaspace       used 86368K, capacity 93604K, committed 93696K, reserved 1130496K
  class space    used 10783K, capacity 12475K, committed 12544K, reserved 1048576K
}
Event: 7946.014 GC heap before
{Heap before GC invocations=74 (full 6):
 PSYoungGen      total 469504K, used 469447K [0x00000000e0000000, 0x0000000100000000, 0x0000000100000000)
  eden space 422912K, 99% used [0x00000000e0000000,0x00000000f9cf9518,0x00000000f9d00000)
  from space 46592K, 99% used [0x00000000f9d00000,0x00000000fca789a0,0x00000000fca80000)
  to   space 54784K, 0% used [0x00000000fca80000,0x00000000fca80000,0x0000000100000000)
 ParOldGen       total 194560K, used 136497K [0x00000000a0000000, 0x00000000abe00000, 0x00000000e0000000)
  object space 194560K, 70% used [0x00000000a0000000,0x00000000a854c4f8,0x00000000abe00000)
 Metaspace       used 86400K, capacity 93632K, committed 93952K, reserved 1130496K
  class space    used 10785K, capacity 12479K, committed 12544K, reserved 1048576K
Event: 7946.068 GC heap after
Heap after GC invocations=74 (full 6):
 PSYoungGen      total 431616K, used 46879K [0x00000000e0000000, 0x0000000100000000, 0x0000000100000000)
  eden space 376832K, 0% used [0x00000000e0000000,0x00000000e0000000,0x00000000f7000000)
  from space 54784K, 85% used [0x00000000fca80000,0x00000000ff847f08,0x0000000100000000)
  to   space 73728K, 0% used [0x00000000f7000000,0x00000000f7000000,0x00000000fb800000)
 ParOldGen       total 194560K, used 137095K [0x00000000a0000000, 0x00000000abe00000, 0x00000000e0000000)
  object space 194560K, 70% used [0x00000000a0000000,0x00000000a85e1e48,0x00000000abe00000)
 Metaspace       used 86400K, capacity 93632K, committed 93952K, reserved 1130496K
  class space    used 10785K, capacity 12479K, committed 12544K, reserved 1048576K
}
Event: 7992.952 GC heap before
{Heap before GC invocations=75 (full 6):
 PSYoungGen      total 431616K, used 423711K [0x00000000e0000000, 0x0000000100000000, 0x0000000100000000)
  eden space 376832K, 100% used [0x00000000e0000000,0x00000000f7000000,0x00000000f7000000)
  from space 54784K, 85% used [0x00000000fca80000,0x00000000ff847f08,0x0000000100000000)
  to   space 73728K, 0% used [0x00000000f7000000,0x00000000f7000000,0x00000000fb800000)
 ParOldGen       total 194560K, used 137095K [0x00000000a0000000, 0x00000000abe00000, 0x00000000e0000000)
  object space 194560K, 70% used [0x00000000a0000000,0x00000000a85e1e48,0x00000000abe00000)
 Metaspace       used 86468K, capacity 93806K, committed 94080K, reserved 1130496K
  class space    used 10801K, capacity 12528K, committed 12672K, reserved 1048576K

Deoptimization events (10 events):
Event: 6434.209 Thread 0x000000001bff5800 Uncommon trap: reason=unstable_if action=reinterpret pc=0x00000000044147fc method=com.google.common.cache.LongAdder.add(J)V @ 24
Event: 6434.210 Thread 0x000000001bfff800 Uncommon trap: reason=unstable_if action=reinterpret pc=0x0000000005839a4c method=com.google.common.cache.LongAdder.add(J)V @ 6
Event: 6434.210 Thread 0x000000001c000800 Uncommon trap: reason=unstable_if action=reinterpret pc=0x00000000041e2438 method=com.google.common.cache.LongAdder.add(J)V @ 6
Event: 6434.372 Thread 0x000000001bff5000 Uncommon trap: reason=unstable_if action=reinterpret pc=0x00000000068cfe9c method=sun.misc.FloatingDecimal$BinaryToASCIIBuffer.dtoa(IJIZ)V @ 272
Event: 6439.781 Thread 0x000000001bffc000 Uncommon trap: reason=unstable_if action=reinterpret pc=0x0000000003e88608 method=com.esotericsoftware.kryo.io.Output.writeLong(JZ)I @ 55
Event: 7722.838 Thread 0x000000001bffd800 Uncommon trap: reason=bimorphic action=maybe_recompile pc=0x0000000006a3f640 method=sun.reflect.DelegatingConstructorAccessorImpl.newInstance([Ljava/lang/Object;)Ljava/lang/Object; @ 5
Event: 7723.000 Thread 0x000000001bffd800 Uncommon trap: reason=bimorphic action=maybe_recompile pc=0x0000000006a3f640 method=sun.reflect.DelegatingConstructorAccessorImpl.newInstance([Ljava/lang/Object;)Ljava/lang/Object; @ 5
Event: 7723.002 Thread 0x000000001bffd800 Uncommon trap: reason=bimorphic action=maybe_recompile pc=0x0000000006a3f640 method=sun.reflect.DelegatingConstructorAccessorImpl.newInstance([Ljava/lang/Object;)Ljava/lang/Object; @ 5
Event: 7723.002 Thread 0x000000001bffd800 Uncommon trap: reason=bimorphic action=maybe_recompile pc=0x0000000006a3f640 method=sun.reflect.DelegatingConstructorAccessorImpl.newInstance([Ljava/lang/Object;)Ljava/lang/Object; @ 5
Event: 7725.994 Thread 0x000000001c022800 Uncommon trap: reason=null_check action=make_not_entrant pc=0x0000000004a88ce0 method=com.android.ide.common.res2.NodeUtils.processSingleNodeNamespace(Lorg/w3c/dom/Node;Lorg/w3c/dom/Document;)Z @ 8

Internal exceptions (10 events):
Event: 7992.952 Thread 0x000000001bff7800 Exception <a 'sun/nio/fs/WindowsException'> (0x00000000f6ff19b8) thrown at [C:\src\android\AOSP-openjdk\external\jetbrains\jdk\hotspot\src\share\vm\prims\jni.cpp, line 709]
Event: 7992.952 Thread 0x000000001bff7800 Exception <a 'sun/nio/fs/WindowsException'> (0x00000000f6ff2428) thrown at [C:\src\android\AOSP-openjdk\external\jetbrains\jdk\hotspot\src\share\vm\prims\jni.cpp, line 709]
Event: 7992.952 Thread 0x000000001bff7800 Exception <a 'sun/nio/fs/WindowsException'> (0x00000000f6ff5368) thrown at [C:\src\android\AOSP-openjdk\external\jetbrains\jdk\hotspot\src\share\vm\prims\jni.cpp, line 709]
Event: 7992.952 Thread 0x000000001bff7800 Exception <a 'sun/nio/fs/WindowsException'> (0x00000000f6ff5db8) thrown at [C:\src\android\AOSP-openjdk\external\jetbrains\jdk\hotspot\src\share\vm\prims\jni.cpp, line 709]
Event: 7992.952 Thread 0x000000001bff7800 Exception <a 'sun/nio/fs/WindowsException'> (0x00000000f6ff7b58) thrown at [C:\src\android\AOSP-openjdk\external\jetbrains\jdk\hotspot\src\share\vm\prims\jni.cpp, line 709]
Event: 7992.952 Thread 0x000000001bff7800 Exception <a 'sun/nio/fs/WindowsException'> (0x00000000f6ff85c8) thrown at [C:\src\android\AOSP-openjdk\external\jetbrains\jdk\hotspot\src\share\vm\prims\jni.cpp, line 709]
Event: 7992.952 Thread 0x000000001bff7800 Exception <a 'sun/nio/fs/WindowsException'> (0x00000000f6ffb548) thrown at [C:\src\android\AOSP-openjdk\external\jetbrains\jdk\hotspot\src\share\vm\prims\jni.cpp, line 709]
Event: 7992.952 Thread 0x000000001bff7800 Exception <a 'sun/nio/fs/WindowsException'> (0x00000000f6ffbfb8) thrown at [C:\src\android\AOSP-openjdk\external\jetbrains\jdk\hotspot\src\share\vm\prims\jni.cpp, line 709]
Event: 7992.952 Thread 0x000000001bff7800 Exception <a 'sun/nio/fs/WindowsException'> (0x00000000f6ffdda8) thrown at [C:\src\android\AOSP-openjdk\external\jetbrains\jdk\hotspot\src\share\vm\prims\jni.cpp, line 709]
Event: 7992.952 Thread 0x000000001bff7800 Exception <a 'sun/nio/fs/WindowsException'> (0x00000000f6ffe828) thrown at [C:\src\android\AOSP-openjdk\external\jetbrains\jdk\hotspot\src\share\vm\prims\jni.cpp, line 709]

Events (10 events):
Event: 7992.304 Thread 0x0000000017520800 flushing nmethod 0x0000000005616f10
Event: 7992.362 Thread 0x000000001bffc000 Thread added: 0x000000001bffc000
Event: 7992.362 Thread 0x000000001bff5800 Thread added: 0x000000001bff5800
Event: 7992.362 Thread 0x000000001bfff000 Thread added: 0x000000001bfff000
Event: 7992.362 Thread 0x000000001bffb000 Thread added: 0x000000001bffb000
Event: 7992.362 Executing VM operation: RevokeBias
Event: 7992.362 Executing VM operation: RevokeBias done
Event: 7992.363 Executing VM operation: RevokeBias
Event: 7992.363 Executing VM operation: RevokeBias done
Event: 7992.952 Executing VM operation: ParallelGCFailedAllocation


Dynamic libraries:
0x000000013fba0000 - 0x000000013fbd1000 	D:\Program Files\Android\Android Studio\jre\bin\java.exe
0x0000000076e20000 - 0x0000000076fbf000 	C:\Windows\SYSTEM32\ntdll.dll
0x0000000076c00000 - 0x0000000076d1f000 	C:\Windows\system32\kernel32.dll
0x000007fefcd00000 - 0x000007fefcd6a000 	C:\Windows\system32\KERNELBASE.dll
0x000007fefd8f0000 - 0x000007fefd9cb000 	C:\Windows\system32\ADVAPI32.dll
0x000007fefde80000 - 0x000007fefdf1f000 	C:\Windows\system32\msvcrt.dll
0x000007fefdb70000 - 0x000007fefdb8f000 	C:\Windows\SYSTEM32\sechost.dll
0x000007fefce90000 - 0x000007fefcfbd000 	C:\Windows\system32\RPCRT4.dll
0x0000000076d20000 - 0x0000000076e1a000 	C:\Windows\system32\USER32.dll
0x000007fefdf20000 - 0x000007fefdf87000 	C:\Windows\system32\GDI32.dll
0x000007fefddc0000 - 0x000007fefddce000 	C:\Windows\system32\LPK.dll
0x000007fefef60000 - 0x000007feff02b000 	C:\Windows\system32\USP10.dll
0x000007feface0000 - 0x000007fefaed4000 	C:\Windows\WinSxS\amd64_microsoft.windows.common-controls_6595b64144ccf1df_6.0.7601.18837_none_fa3b1e3d17594757\COMCTL32.dll
0x000007fefeee0000 - 0x000007fefef51000 	C:\Windows\system32\SHLWAPI.dll
0x000007fefddd0000 - 0x000007fefddfe000 	C:\Windows\system32\IMM32.DLL
0x000007fefcd80000 - 0x000007fefce89000 	C:\Windows\system32\MSCTF.dll
0x0000000050090000 - 0x0000000050162000 	D:\Program Files\Android\Android Studio\jre\jre\bin\msvcr100.dll
0x0000000067bd0000 - 0x000000006840c000 	D:\Program Files\Android\Android Studio\jre\jre\bin\server\jvm.dll
0x000007feebd00000 - 0x000007feebd09000 	C:\Windows\system32\WSOCK32.dll
0x000007fefdb90000 - 0x000007fefdbdd000 	C:\Windows\system32\WS2_32.dll
0x000007fefeed0000 - 0x000007fefeed8000 	C:\Windows\system32\NSI.dll
0x000007fefa250000 - 0x000007fefa28b000 	C:\Windows\system32\WINMM.dll
0x000007fefb370000 - 0x000007fefb37c000 	C:\Windows\system32\VERSION.dll
0x0000000076fd0000 - 0x0000000076fd7000 	C:\Windows\system32\PSAPI.DLL
0x000007fefac40000 - 0x000007fefac4f000 	D:\Program Files\Android\Android Studio\jre\jre\bin\verify.dll
0x000007fef4440000 - 0x000007fef4469000 	D:\Program Files\Android\Android Studio\jre\jre\bin\java.dll
0x000007fefa500000 - 0x000007fefa516000 	D:\Program Files\Android\Android Studio\jre\jre\bin\zip.dll
0x000007fefe140000 - 0x000007fefeeca000 	C:\Windows\system32\SHELL32.dll
0x000007fefd290000 - 0x000007fefd48d000 	C:\Windows\system32\ole32.dll
0x000007fefc9c0000 - 0x000007fefc9cf000 	C:\Windows\system32\profapi.dll
0x000007fef4420000 - 0x000007fef443a000 	D:\Program Files\Android\Android Studio\jre\jre\bin\net.dll
0x000007fefc150000 - 0x000007fefc1a5000 	C:\Windows\system32\mswsock.dll
0x000007fefc140000 - 0x000007fefc147000 	C:\Windows\System32\wship6.dll
0x000007fef4400000 - 0x000007fef4411000 	D:\Program Files\Android\Android Studio\jre\jre\bin\nio.dll
0x000007fef9a40000 - 0x000007fef9a5e000 	C:\Users\xiaw\.gradle\native\25\windows-amd64\native-platform.dll
0x000007fef7b10000 - 0x000007fef7b1d000 	D:\Program Files\Android\Android Studio\jre\jre\bin\management.dll
0x000007fefc1b0000 - 0x000007fefc1c8000 	C:\Windows\system32\CRYPTSP.dll
0x000007fefbeb0000 - 0x000007fefbef7000 	C:\Windows\system32\rsaenh.dll
0x000007fefca50000 - 0x000007fefca6e000 	C:\Windows\system32\USERENV.dll
0x000007fefc820000 - 0x000007fefc82f000 	C:\Windows\system32\CRYPTBASE.dll
0x000007fef9b70000 - 0x000007fef9b97000 	C:\Windows\system32\IPHLPAPI.DLL
0x000007fef9b60000 - 0x000007fef9b6b000 	C:\Windows\system32\WINNSI.DLL
0x000007fef96b0000 - 0x000007fef96c1000 	C:\Windows\system32\dhcpcsvc6.DLL
0x000007fef9630000 - 0x000007fef9648000 	C:\Windows\system32\dhcpcsvc.DLL
0x000007fefc7c0000 - 0x000007fefc817000 	C:\Windows\system32\apphelp.dll
0x000007fef48e0000 - 0x000007fef4a05000 	C:\Windows\system32\dbghelp.dll

VM Arguments:
jvm_args: -Xmx1536m -Dfile.encoding=GBK -Duser.country=CN -Duser.language=zh -Duser.variant 
java_command: org.gradle.launcher.daemon.bootstrap.GradleDaemon 4.1
java_class_path (initial): C:\Users\xiaw\.gradle\wrapper\dists\gradle-4.1-all\bzyivzo6n839fup2jbap0tjew\gradle-4.1\lib\gradle-launcher-4.1.jar
Launcher Type: SUN_STANDARD

Environment Variables:
PATH=C:\Users\xiaw\AppData\Local\Programs\Python\Python36-32;C:\Users\xiaw\AppData\Local\Programs\Python\Python36-32\Scripts;C:\ProgramData\Oracle\Java\javapath;C:\Windows\system32;C:\Windows;C:\Windows\System32\Wbem;C:\Windows\System32\WindowsPowerShell\v1.0\;C:\Program Files\TortoiseSVN\bin;C:\Program Files\Java\jdk1.8.0_45\bin;D:\adt-bundle-windows-x86_64-20140702\sdk\platform-tools;C:\Program Files\dotnet\;D:\phpStudy\php\php-7.0.12-nts;C:\ProgramData\ComposerSetup\bin;D:\Program Files\Git\cmd;D:\fluttersdk\flutter\bin;C:\ProgramData\chocolatey\bin;C:\Program Files\nodejs\;C:\Program Files\PuTTY\;C:\Users\xiaw\AppData\Local\GitHubDesktop\bin;d:\Program Files\Microsoft VS Code\bin;C:\Users\xiaw\AppData\Roaming\Composer\vendor\bin;C:\Users\xiaw\AppData\Roaming\npm;C:\Users\xiaw\AppData\Local\atom\bin
USERNAME=xiaw
OS=Windows_NT
PROCESSOR_IDENTIFIER=Intel64 Family 6 Model 60 Stepping 3, GenuineIntel



---------------  S Y S T E M  ---------------

OS: Windows 7 , 64 bit Build 7601 (6.1.7601.24260)

CPU:total 4 (2 cores per cpu, 2 threads per core) family 6 model 60 stepping 3, cmov, cx8, fxsr, mmx, sse, sse2, sse3, ssse3, sse4.1, sse4.2, popcnt, avx, avx2, aes, clmul, erms, lzcnt, ht, tsc, tscinvbit, bmi1, bmi2

Memory: 4k page, physical 8078584k(1370720k free), swap 16155268k(7859288k free)

vm_info: OpenJDK 64-Bit Server VM (25.112-b06) for windows-amd64 JRE (1.8.0_112-release-b06), built on Dec  8 2016 00:54:26 by "builder" with MS VC++ 10.0 (VS2010)

time: Fri Oct 26 11:28:21 2018
elapsed time: 7993 seconds (0d 2h 13m 13s)

